Deino Leolix from the team Striped enters the battle!
Zweilous Lemeo from the team Black enters the battle!
Zweilous Lemeo uses Slam. 
Deino Leolix loses 22 hit points.

Deino Leolix uses Slam. 
Zweilous Lemeo loses 13 hit points.

Zweilous Lemeo uses Slam. 
Deino Leolix loses 24 hit points.

Deino Leolix uses Crunch. 
Zweilous Lemeo loses 9 hit points.

Zweilous Lemeo uses Double Hit. 
Critical hit!
Deino Leolix loses 21 hit points.
Zweilous Lemeo uses Double Hit. 
Deino Leolix loses 14 hit points.
Deino Leolix faints.
Cosmog Warmadillo from the team Striped enters the battle!
Zweilous Lemeo uses Double Hit. 
Cosmog Warmadillo loses 15 hit points.
Zweilous Lemeo uses Double Hit. 
Cosmog Warmadillo loses 16 hit points.

Cosmog Warmadillo uses Blizzard. 
Zweilous Lemeo loses 21 hit points.

Zweilous Lemeo uses Double Hit. 
Cosmog Warmadillo loses 13 hit points.
Zweilous Lemeo uses Double Hit. 
Cosmog Warmadillo loses 10 hit points.

Cosmog Warmadillo uses Blizzard. 
Zweilous Lemeo loses 26 hit points.

Zweilous Lemeo uses Double Hit. 
Cosmog Warmadillo loses 16 hit points.
Zweilous Lemeo uses Double Hit. 
Cosmog Warmadillo loses 17 hit points.
Cosmog Warmadillo faints.
Hydreigon Alligite from the team Striped enters the battle!
Hydreigon Alligite uses Cofide. 
Zweilous Lemeo decreases attack.

Zweilous Lemeo uses Crunch. 
Hydreigon Alligite loses 14 hit points.

Hydreigon Alligite uses Crunch. 
Zweilous Lemeo loses 12 hit points.

Zweilous Lemeo uses Slam. 
Hydreigon Alligite loses 19 hit points.

Hydreigon Alligite uses Slam. 
Zweilous Lemeo loses 26 hit points.
Zweilous Lemeo faints.
Rockruff Echound from the team Black enters the battle!
Hydreigon Alligite uses Slam. 
Rockruff Echound loses 15 hit points.

Rockruff Echound uses Rest. 
Hydreigon Alligite isn't affected by PSYCHIC
Rockruff Echound is sleeping

Hydreigon Alligite uses Slam. 
Critical hit!
Rockruff Echound loses 23 hit points.

Rockruff Echound uses Snarl. 
Hydreigon Alligite loses 3 hit points.
Hydreigon Alligite decreases special attack.

Hydreigon Alligite uses Cofide. 
Rockruff Echound decreases attack.

Rockruff Echound uses Snarl. 
Hydreigon Alligite loses 4 hit points.
Hydreigon Alligite decreases special attack.

Hydreigon Alligite uses Crunch. 
Rockruff Echound loses 37 hit points.

Rockruff Echound uses Snarl. 
Hydreigon Alligite loses 3 hit points.
Hydreigon Alligite decreases special attack.

Hydreigon Alligite uses Crunch. 
Rockruff Echound loses 32 hit points.
Rockruff Echound faints.
Lycanroc Megybara from the team Black enters the battle!
Lycanroc Megybara uses Swords Dance. 
Lycanroc Megybara increases attack.

Hydreigon Alligite uses Crunch. 
Critical hit!
Lycanroc Megybara loses 70 hit points.

Lycanroc Megybara uses Swords Dance. 
Lycanroc Megybara increases attack.

Hydreigon Alligite uses Crunch. 
Critical hit!
Lycanroc Megybara loses 51 hit points.
Lycanroc Megybara faints.
Team Black loses its last Pokemon.
The team Striped wins the battle!
